<?xml version="1.0" encoding="UTF-8"?>
<testsuite name="ContactsTest" tests="1" skipped="0" failures="0" errors="0" timestamp="2022-08-03T17:51:34" hostname="DESKTOP-5U6L102" time="0.6">
  <properties/>
  <testcase name="start" classname="ContactsTest" time="0.6"/>
  <system-out><![CDATA[?[1;31m
Start test 1?[0m

Enter action (add, remove, edit, count, info, exit): > exit
?[1;31m
Start test 2?[0m

Enter action (add, remove, edit, count, info, exit): > count
The Phone Book has 0 records.

Enter action (add, remove, edit, count, info, exit): > exit
?[1;31m
Start test 3?[0m

Enter action (add, remove, edit, count, info, exit): > count
The Phone Book has 0 records.

Enter action (add, remove, edit, count, info, exit): > edit
No records to edit!

Enter action (add, remove, edit, count, info, exit): > exit
?[1;31m
Start test 4?[0m

Enter action (add, remove, edit, count, info, exit): > count
The Phone Book has 0 records.

Enter action (add, remove, edit, count, info, exit): > remove
No records to remove!

Enter action (add, remove, edit, count, info, exit): > exit
?[1;31m
Start test 5?[0m

Enter action (add, remove, edit, count, info, exit): > add
Enter the type (person, organization): > person
Enter the name: > John
Enter the surname: > Smith
Enter the birth date: > 
Bad birth date!
Enter the gender (M, F): > 
Bad gender!
Enter the number: > 123 456 789
The record added.

Enter action (add, remove, edit, count, info, exit): > count
The Phone Book has 1 records.

Enter action (add, remove, edit, count, info, exit): > exit
?[1;31m
Start test 6?[0m

Enter action (add, remove, edit, count, info, exit): > add
Enter the type (person, organization): > person
Enter the name: > John
Enter the surname: > Smith
Enter the birth date: > 
Bad birth date!
Enter the gender (M, F): > 
Bad gender!
Enter the number: > 123 456 789
The record added.

Enter action (add, remove, edit, count, info, exit): > info
1. John Smith
Enter index to show info: > 1
Name: John
Surname: Smith
Birth date: [no data]
Gender: [no data]
Number: 123 456 789
Time created: 2022-08-03T21:51:34.409506100
Time last edit: 2022-08-03T21:51:34.419505300

Enter action (add, remove, edit, count, info, exit): > exit
?[1;31m
Start test 7?[0m

Enter action (add, remove, edit, count, info, exit): > add
Enter the type (person, organization): > organization
Enter the organization name: > Pizza Shop
Enter the address: > Wall St. 1
Enter the number: > +0 (123) 456-789-9999
The record added.

Enter action (add, remove, edit, count, info, exit): > info
1. Pizza Shop
Enter index to show info: > 1
Organization name: Pizza Shop
Address: Wall St. 1
Number: +0 (123) 456-789-9999
Time created: 2022-08-03T21:51:34.469499900
Time last edit: 2022-08-03T21:51:34.469499900

Enter action (add, remove, edit, count, info, exit): > exit
?[1;31m
Start test 8?[0m

Enter action (add, remove, edit, count, info, exit): > add
Enter the type (person, organization): > person
Enter the name: > John
Enter the surname: > Smith
Enter the birth date: > 
Bad birth date!
Enter the gender (M, F): > 
Bad gender!
Enter the number: > 123 456 789
The record added.

Enter action (add, remove, edit, count, info, exit): > edit
1. John Smith
Select a record: > 1
Select a field (name, surname, birth, gender, number): > gender
Enter the gender (M, F): > M
The record updated!

Enter action (add, remove, edit, count, info, exit): > info
1. John Smith
Enter index to show info: > 1
Name: John
Surname: Smith
Birth date: [no data]
Gender: M
Number: 123 456 789
Time created: 2022-08-03T21:51:34.499497400
Time last edit: 2022-08-03T21:51:34.529493400

Enter action (add, remove, edit, count, info, exit): > exit
?[1;31m
Start test 9?[0m

Enter action (add, remove, edit, count, info, exit): > add
Enter the type (person, organization): > person
Enter the name: > John2
Enter the surname: > Smith2
Enter the birth date: > 
Bad birth date!
Enter the gender (M, F): > 
Bad gender!
Enter the number: > 123 456 789
The record added.

Enter action (add, remove, edit, count, info, exit): > edit
1. John2 Smith2
Select a record: > 1
Select a field (name, surname, birth, gender, number): > name
Enter name: > John3
The record updated!

Enter action (add, remove, edit, count, info, exit): > info
1. John3 Smith2
Enter index to show info: > 1
Name: John3
Surname: Smith2
Birth date: [no data]
Gender: [no data]
Number: 123 456 789
Time created: 2022-08-03T21:51:34.559489400
Time last edit: 2022-08-03T21:51:34.599485500

Enter action (add, remove, edit, count, info, exit): > exit
?[1;31m
Start test 10?[0m

Enter action (add, remove, edit, count, info, exit): > add
Enter the type (person, organization): > person
Enter the name: > John2
Enter the surname: > Smith2
Enter the birth date: > 
Bad birth date!
Enter the gender (M, F): > 
Bad gender!
Enter the number: > 123 456 789
The record added.

Enter action (add, remove, edit, count, info, exit): > edit
1. John2 Smith2
Select a record: > 1
Select a field (name, surname, birth, gender, number): > number
Enter number: > 321 654 978
The record updated!

Enter action (add, remove, edit, count, info, exit): > info
1. John2 Smith2
Enter index to show info: > 1
Name: John2
Surname: Smith2
Birth date: [no data]
Gender: [no data]
Number: 321 654 978
Time created: 2022-08-03T21:51:34.645836200
Time last edit: 2022-08-03T21:51:34.695830100

Enter action (add, remove, edit, count, info, exit): > exit
?[1;31m
Start test 11?[0m

Enter action (add, remove, edit, count, info, exit): > add
Enter the type (person, organization): > organization
Enter the organization name: > Pizza Shop
Enter the address: > Wall St. 1
Enter the number: > +0 (123) 456-789-9999
The record added.

Enter action (add, remove, edit, count, info, exit): > edit
1. Pizza Shop
Select a record: > 1
Select a field (address, number): > address
Enter address: > Wall St 2
The record updated!

Enter action (add, remove, edit, count, info, exit): > info
1. Pizza Shop
Enter index to show info: > 1
Organization name: Pizza Shop
Address: Wall St 2
Number: +0 (123) 456-789-9999
Time created: 2022-08-03T21:51:34.725827
Time last edit: 2022-08-03T21:51:34.735826200

Enter action (add, remove, edit, count, info, exit): > exit
?[1;31m
Start test 12?[0m

Enter action (add, remove, edit, count, info, exit): > add
Enter the type (person, organization): > organization
Enter the organization name: > Pizza Shop
Enter the address: > Wall St. 1
Enter the number: > +0 (123) 456-789-9999
The record added.

Enter action (add, remove, edit, count, info, exit): > edit
1. Pizza Shop
Select a record: > 1
Select a field (address, number): > number
Enter number: > +0 (123) 456-789-12345
The record updated!

Enter action (add, remove, edit, count, info, exit): > info
1. Pizza Shop
Enter index to show info: > 1
Organization name: Pizza Shop
Address: Wall St. 1
Number: +0 (123) 456-789-12345
Time created: 2022-08-03T21:51:34.765822400
Time last edit: 2022-08-03T21:51:34.775821400

Enter action (add, remove, edit, count, info, exit): > exit
]]></system-out>
  <system-err><![CDATA[]]></system-err>
</testsuite>
