<?xml version="1.0" encoding="UTF-8"?>
<testsuite name="ContactsTest" tests="1" skipped="0" failures="0" errors="0" timestamp="2022-08-05T10:28:48" hostname="DESKTOP-5U6L102" time="0.522">
  <properties/>
  <testcase name="start" classname="ContactsTest" time="0.522"/>
  <system-out><![CDATA[?[1;31m
Start test 1?[0m

[menu] Enter action (add, list, search, count, exit): > exit
?[1;31m
Start test 2?[0m

[menu] Enter action (add, list, search, count, exit): > count
The Phone Book has 0 records.

[menu] Enter action (add, list, search, count, exit): > exit
?[1;31m
Start test 3?[0m

[menu] Enter action (add, list, search, count, exit): > add
Enter the type (person, organization): > person
Enter name: > John
Enter surname: > Smith
Enter the birth date: > 
Bad birth date!
Enter the gender (M, F): > 
Bad gender!
Enter number: > 123 456 789
The record added.

[menu] Enter action (add, list, search, count, exit): > count
The Phone Book has 1 records.

[menu] Enter action (add, list, search, count, exit): > exit
?[1;31m
Start test 4?[0m

[menu] Enter action (add, list, search, count, exit): > add
Enter the type (person, organization): > person
Enter name: > John
Enter surname: > Smith
Enter the birth date: > 
Bad birth date!
Enter the gender (M, F): > 
Bad gender!
Enter number: > 123 456 789
The record added.

[menu] Enter action (add, list, search, count, exit): > list
1. John Smith

[list] Enter action ([number], back): > 1
Name: John
Surname: Smith
Birth date: [no data]
Gender: [no data]
Number: 123 456 789
Time created: 2022-08-05T14:28:48.829164900
Time last edit: 2022-08-05T14:28:48.839162100

[record] Enter action (edit, delete, menu): > menu

[menu] Enter action (add, list, search, count, exit): > exit
?[1;31m
Start test 5?[0m

[menu] Enter action (add, list, search, count, exit): > add
Enter the type (person, organization): > organization
Enter name: > Pizza Shop
Enter address: > Wall St. 1
Enter number: > +0 (123) 456-789-9999
The record added.

[menu] Enter action (add, list, search, count, exit): > list
1. Pizza Shop

[list] Enter action ([number], back): > 1
Organization name: Pizza Shop
Address: Wall St. 1
Number: +0 (123) 456-789-9999
Time created: 2022-08-05T14:28:48.893518600
Time last edit: 2022-08-05T14:28:48.893518600

[record] Enter action (edit, delete, menu): > menu

[menu] Enter action (add, list, search, count, exit): > exit
?[1;31m
Start test 6?[0m

[menu] Enter action (add, list, search, count, exit): > add
Enter the type (person, organization): > person
Enter name: > John
Enter surname: > Smith
Enter the birth date: > 
Bad birth date!
Enter the gender (M, F): > 
Bad gender!
Enter number: > 123 456 789
The record added.

[menu] Enter action (add, list, search, count, exit): > list
1. John Smith

[list] Enter action ([number], back): > 1
Name: John
Surname: Smith
Birth date: [no data]
Gender: [no data]
Number: 123 456 789
Time created: 2022-08-05T14:28:48.925647400
Time last edit: 2022-08-05T14:28:48.935645300

[record] Enter action (edit, delete, menu): > edit
Select a field (name, surname, birthDate, gender, number): > gender
Enter the gender (M, F): > M
Saved

[record] Enter action (edit, delete, menu): > menu

[menu] Enter action (add, list, search, count, exit): > list
1. John Smith

[list] Enter action ([number], back): > 1
Name: John
Surname: Smith
Birth date: [no data]
Gender: M
Number: 123 456 789
Time created: 2022-08-05T14:28:48.925647400
Time last edit: 2022-08-05T14:28:48.955643600

[record] Enter action (edit, delete, menu): > menu

[menu] Enter action (add, list, search, count, exit): > exit
?[1;31m
Start test 7?[0m

[menu] Enter action (add, list, search, count, exit): > add
Enter the type (person, organization): > organization
Enter name: > Pizza Shop
Enter address: > Wall St. 1
Enter number: > +0 (123) 456-789-9999
The record added.

[menu] Enter action (add, list, search, count, exit): > list
1. Pizza Shop

[list] Enter action ([number], back): > 1
Organization name: Pizza Shop
Address: Wall St. 1
Number: +0 (123) 456-789-9999
Time created: 2022-08-05T14:28:48.988735400
Time last edit: 2022-08-05T14:28:48.988735400

[record] Enter action (edit, delete, menu): > edit
Select a field (name, address, number): > address
Enter address: > Wall St 2
Saved

[record] Enter action (edit, delete, menu): > menu

[menu] Enter action (add, list, search, count, exit): > list
1. Pizza Shop

[list] Enter action ([number], back): > 1
Organization name: Pizza Shop
Address: Wall St 2
Number: +0 (123) 456-789-9999
Time created: 2022-08-05T14:28:48.988735400
Time last edit: 2022-08-05T14:28:49.009808100

[record] Enter action (edit, delete, menu): > menu

[menu] Enter action (add, list, search, count, exit): > exit
?[1;31m
Start test 8?[0m

[menu] Enter action (add, list, search, count, exit): > add
Enter the type (person, organization): > organization
Enter name: > Pizza Shop
Enter address: > Wall St. 1
Enter number: > +0 (123) 456-789-9999
The record added.

[menu] Enter action (add, list, search, count, exit): > add
Enter the type (person, organization): > person
Enter name: > John
Enter surname: > Smith
Enter the birth date: > 
Bad birth date!
Enter the gender (M, F): > 
Bad gender!
Enter number: > 123 456 789
The record added.

[menu] Enter action (add, list, search, count, exit): > add
Enter the type (person, organization): > organization
Enter name: > PizzaNuts
Enter address: > Wall St. 6
Enter number: > +0 (123) 456-789-9999
The record added.

[menu] Enter action (add, list, search, count, exit): > search
Enter search query: > pizz
Found 2 results:
1. Pizza Shop
2. PizzaNuts

[search] Enter action ([number], back, again): > 1
Organization name: Pizza Shop
Address: Wall St. 1
Number: +0 (123) 456-789-9999
Time created: 2022-08-05T14:28:49.043241200
Time last edit: 2022-08-05T14:28:49.045258800

[record] Enter action (edit, delete, menu): > menu

[menu] Enter action (add, list, search, count, exit): > exit
?[1;31m
Start test 9?[0m

[menu] Enter action (add, list, search, count, exit): > add
Enter the type (person, organization): > organization
Enter name: > Pizza Shop
Enter address: > Wall St. 1
Enter number: > +0 (123) 456-789-9999
The record added.

[menu] Enter action (add, list, search, count, exit): > add
Enter the type (person, organization): > person
Enter name: > John
Enter surname: > Smith
Enter the birth date: > 
Bad birth date!
Enter the gender (M, F): > 
Bad gender!
Enter number: > 123 456 789
The record added.

[menu] Enter action (add, list, search, count, exit): > add
Enter the type (person, organization): > organization
Enter name: > PizzaNuts
Enter address: > Wall St. 6
Enter number: > +0 (123) 456-789-9999
The record added.

[menu] Enter action (add, list, search, count, exit): > search
Enter search query: > s
Found 3 results:
1. Pizza Shop
2. John Smith
3. PizzaNuts

[search] Enter action ([number], back, again): > 1
Organization name: Pizza Shop
Address: Wall St. 1
Number: +0 (123) 456-789-9999
Time created: 2022-08-05T14:28:49.088914700
Time last edit: 2022-08-05T14:28:49.100050

[record] Enter action (edit, delete, menu): > menu

[menu] Enter action (add, list, search, count, exit): > exit
?[1;31m
Start test 10?[0m

[menu] Enter action (add, list, search, count, exit): > add
Enter the type (person, organization): > organization
Enter name: > Pizza Shop
Enter address: > Wall St. 1
Enter number: > +0 (123) 456-789-9999
The record added.

[menu] Enter action (add, list, search, count, exit): > add
Enter the type (person, organization): > person
Enter name: > John
Enter surname: > Smith
Enter the birth date: > 
Bad birth date!
Enter the gender (M, F): > 
Bad gender!
Enter number: > 123 456 789
The record added.

[menu] Enter action (add, list, search, count, exit): > add
Enter the type (person, organization): > organization
Enter name: > PizzaNuts
Enter address: > Wall St. 6
Enter number: > +0 (123) 456-781-9999
The record added.

[menu] Enter action (add, list, search, count, exit): > search
Enter search query: > 789
Found 2 results:
1. Pizza Shop
2. John Smith

[search] Enter action ([number], back, again): > 1
Organization name: Pizza Shop
Address: Wall St. 1
Number: +0 (123) 456-789-9999
Time created: 2022-08-05T14:28:49.154395200
Time last edit: 2022-08-05T14:28:49.154395200

[record] Enter action (edit, delete, menu): > menu

[menu] Enter action (add, list, search, count, exit): > exit
]]></system-out>
  <system-err><![CDATA[]]></system-err>
</testsuite>
